This is pdfTeX, Version 3.1415926-2.5-1.40.14 (MiKTeX 2.9) (preloaded format=pdflatex 2014.9.25)  18 NOV 2014 10:24
entering extended mode
**C:/Users/CirilloR/Documents/FACULDADE/TCC/mac499/monografia/monografia.tex
(C:/Users/CirilloR/Documents/FACULDADE/TCC/mac499/monografia/monografia.tex
LaTeX2e <2011/06/27>
Babel <v3.8m> and hyphenation patterns for english, afrikaans, ancientgreek, ar
abic, armenian, assamese, basque, bengali, bokmal, bulgarian, catalan, coptic, 
croatian, czech, danish, dutch, esperanto, estonian, farsi, finnish, french, ga
lician, german, german-x-2013-05-26, greek, gujarati, hindi, hungarian, iceland
ic, indonesian, interlingua, irish, italian, kannada, kurmanji, latin, latvian,
 lithuanian, malayalam, marathi, mongolian, mongolianlmc, monogreek, ngerman, n
german-x-2013-05-26, nynorsk, oriya, panjabi, pinyin, polish, portuguese, roman
ian, russian, sanskrit, serbian, slovak, slovenian, spanish, swedish, swissgerm
an, tamil, telugu, turkish, turkmen, ukenglish, ukrainian, uppersorbian, usengl
ishmax, welsh, loaded.
("C:\Program Files (x86)\MiKTeX 2.9\tex\latex\base\article.cls"
Document Class: article 2007/10/19 v1.4h Standard LaTeX document class
("C:\Program Files (x86)\MiKTeX 2.9\tex\latex\base\size12.clo"
File: size12.clo 2007/10/19 v1.4h Standard LaTeX file (size option)
)
\c@part=\count79
\c@section=\count80
\c@subsection=\count81
\c@subsubsection=\count82
\c@paragraph=\count83
\c@subparagraph=\count84
\c@figure=\count85
\c@table=\count86
\abovecaptionskip=\skip41
\belowcaptionskip=\skip42
\bibindent=\dimen102
)
("C:\Program Files (x86)\MiKTeX 2.9\tex\generic\babel\babel.sty"
Package: babel 2008/07/08 v3.8m The Babel package

*************************************
* Local config file bblopts.cfg used
*
("C:\Program Files (x86)\MiKTeX 2.9\tex\latex\00miktex\bblopts.cfg"
File: bblopts.cfg 2006/07/31 v1.0 MiKTeX 'babel' configuration
)
("C:\Program Files (x86)\MiKTeX 2.9\tex\generic\babel\portuges.ldf"
Language: portuges 2008/03/18 v1.2q Portuguese support from the babel system

("C:\Program Files (x86)\MiKTeX 2.9\tex\generic\babel\babel.def"
File: babel.def 2008/07/08 v3.8m Babel common definitions
\babel@savecnt=\count87
\U@D=\dimen103
)
\l@brazilian = a dialect from \language\l@portuges 
Package babel Info: Making " an active character on input line 145.
))
("C:\Program Files (x86)\MiKTeX 2.9\tex\latex\base\inputenc.sty"
Package: inputenc 2008/03/30 v1.1d Input encoding file
\inpenc@prehook=\toks14
\inpenc@posthook=\toks15

("C:\Program Files (x86)\MiKTeX 2.9\tex\latex\base\utf8.def"
File: utf8.def 2008/04/05 v1.1m UTF-8 support for inputenc
Now handling font encoding OML ...
... no UTF-8 mapping file for font encoding OML
Now handling font encoding T1 ...
... processing UTF-8 mapping file for font encoding T1

("C:\Program Files (x86)\MiKTeX 2.9\tex\latex\base\t1enc.dfu"
File: t1enc.dfu 2008/04/05 v1.1m UTF-8 support for inputenc
   defining Unicode char U+00A1 (decimal 161)
   defining Unicode char U+00A3 (decimal 163)
   defining Unicode char U+00AB (decimal 171)
   defining Unicode char U+00BB (decimal 187)
   defining Unicode char U+00BF (decimal 191)
   defining Unicode char U+00C0 (decimal 192)
   defining Unicode char U+00C1 (decimal 193)
   defining Unicode char U+00C2 (decimal 194)
   defining Unicode char U+00C3 (decimal 195)
   defining Unicode char U+00C4 (decimal 196)
   defining Unicode char U+00C5 (decimal 197)
   defining Unicode char U+00C6 (decimal 198)
   defining Unicode char U+00C7 (decimal 199)
   defining Unicode char U+00C8 (decimal 200)
   defining Unicode char U+00C9 (decimal 201)
   defining Unicode char U+00CA (decimal 202)
   defining Unicode char U+00CB (decimal 203)
   defining Unicode char U+00CC (decimal 204)
   defining Unicode char U+00CD (decimal 205)
   defining Unicode char U+00CE (decimal 206)
   defining Unicode char U+00CF (decimal 207)
   defining Unicode char U+00D0 (decimal 208)
   defining Unicode char U+00D1 (decimal 209)
   defining Unicode char U+00D2 (decimal 210)
   defining Unicode char U+00D3 (decimal 211)
   defining Unicode char U+00D4 (decimal 212)
   defining Unicode char U+00D5 (decimal 213)
   defining Unicode char U+00D6 (decimal 214)
   defining Unicode char U+00D8 (decimal 216)
   defining Unicode char U+00D9 (decimal 217)
   defining Unicode char U+00DA (decimal 218)
   defining Unicode char U+00DB (decimal 219)
   defining Unicode char U+00DC (decimal 220)
   defining Unicode char U+00DD (decimal 221)
   defining Unicode char U+00DE (decimal 222)
   defining Unicode char U+00DF (decimal 223)
   defining Unicode char U+00E0 (decimal 224)
   defining Unicode char U+00E1 (decimal 225)
   defining Unicode char U+00E2 (decimal 226)
   defining Unicode char U+00E3 (decimal 227)
   defining Unicode char U+00E4 (decimal 228)
   defining Unicode char U+00E5 (decimal 229)
   defining Unicode char U+00E6 (decimal 230)
   defining Unicode char U+00E7 (decimal 231)
   defining Unicode char U+00E8 (decimal 232)
   defining Unicode char U+00E9 (decimal 233)
   defining Unicode char U+00EA (decimal 234)
   defining Unicode char U+00EB (decimal 235)
   defining Unicode char U+00EC (decimal 236)
   defining Unicode char U+00ED (decimal 237)
   defining Unicode char U+00EE (decimal 238)
   defining Unicode char U+00EF (decimal 239)
   defining Unicode char U+00F0 (decimal 240)
   defining Unicode char U+00F1 (decimal 241)
   defining Unicode char U+00F2 (decimal 242)
   defining Unicode char U+00F3 (decimal 243)
   defining Unicode char U+00F4 (decimal 244)
   defining Unicode char U+00F5 (decimal 245)
   defining Unicode char U+00F6 (decimal 246)
   defining Unicode char U+00F8 (decimal 248)
   defining Unicode char U+00F9 (decimal 249)
   defining Unicode char U+00FA (decimal 250)
   defining Unicode char U+00FB (decimal 251)
   defining Unicode char U+00FC (decimal 252)
   defining Unicode char U+00FD (decimal 253)
   defining Unicode char U+00FE (decimal 254)
   defining Unicode char U+00FF (decimal 255)
   defining Unicode char U+0102 (decimal 258)
   defining Unicode char U+0103 (decimal 259)
   defining Unicode char U+0104 (decimal 260)
   defining Unicode char U+0105 (decimal 261)
   defining Unicode char U+0106 (decimal 262)
   defining Unicode char U+0107 (decimal 263)
   defining Unicode char U+010C (decimal 268)
   defining Unicode char U+010D (decimal 269)
   defining Unicode char U+010E (decimal 270)
   defining Unicode char U+010F (decimal 271)
   defining Unicode char U+0110 (decimal 272)
   defining Unicode char U+0111 (decimal 273)
   defining Unicode char U+0118 (decimal 280)
   defining Unicode char U+0119 (decimal 281)
   defining Unicode char U+011A (decimal 282)
   defining Unicode char U+011B (decimal 283)
   defining Unicode char U+011E (decimal 286)
   defining Unicode char U+011F (decimal 287)
   defining Unicode char U+0130 (decimal 304)
   defining Unicode char U+0131 (decimal 305)
   defining Unicode char U+0132 (decimal 306)
   defining Unicode char U+0133 (decimal 307)
   defining Unicode char U+0139 (decimal 313)
   defining Unicode char U+013A (decimal 314)
   defining Unicode char U+013D (decimal 317)
   defining Unicode char U+013E (decimal 318)
   defining Unicode char U+0141 (decimal 321)
   defining Unicode char U+0142 (decimal 322)
   defining Unicode char U+0143 (decimal 323)
   defining Unicode char U+0144 (decimal 324)
   defining Unicode char U+0147 (decimal 327)
   defining Unicode char U+0148 (decimal 328)
   defining Unicode char U+014A (decimal 330)
   defining Unicode char U+014B (decimal 331)
   defining Unicode char U+0150 (decimal 336)
   defining Unicode char U+0151 (decimal 337)
   defining Unicode char U+0152 (decimal 338)
   defining Unicode char U+0153 (decimal 339)
   defining Unicode char U+0154 (decimal 340)
   defining Unicode char U+0155 (decimal 341)
   defining Unicode char U+0158 (decimal 344)
   defining Unicode char U+0159 (decimal 345)
   defining Unicode char U+015A (decimal 346)
   defining Unicode char U+015B (decimal 347)
   defining Unicode char U+015E (decimal 350)
   defining Unicode char U+015F (decimal 351)
   defining Unicode char U+0160 (decimal 352)
   defining Unicode char U+0161 (decimal 353)
   defining Unicode char U+0162 (decimal 354)
   defining Unicode char U+0163 (decimal 355)
   defining Unicode char U+0164 (decimal 356)
   defining Unicode char U+0165 (decimal 357)
   defining Unicode char U+016E (decimal 366)
   defining Unicode char U+016F (decimal 367)
   defining Unicode char U+0170 (decimal 368)
   defining Unicode char U+0171 (decimal 369)
   defining Unicode char U+0178 (decimal 376)
   defining Unicode char U+0179 (decimal 377)
   defining Unicode char U+017A (decimal 378)
   defining Unicode char U+017B (decimal 379)
   defining Unicode char U+017C (decimal 380)
   defining Unicode char U+017D (decimal 381)
   defining Unicode char U+017E (decimal 382)
   defining Unicode char U+200C (decimal 8204)
   defining Unicode char U+2013 (decimal 8211)
   defining Unicode char U+2014 (decimal 8212)
   defining Unicode char U+2018 (decimal 8216)
   defining Unicode char U+2019 (decimal 8217)
   defining Unicode char U+201A (decimal 8218)
   defining Unicode char U+201C (decimal 8220)
   defining Unicode char U+201D (decimal 8221)
   defining Unicode char U+201E (decimal 8222)
   defining Unicode char U+2030 (decimal 8240)
   defining Unicode char U+2031 (decimal 8241)
   defining Unicode char U+2039 (decimal 8249)
   defining Unicode char U+203A (decimal 8250)
   defining Unicode char U+2423 (decimal 9251)
)
Now handling font encoding OT1 ...
... processing UTF-8 mapping file for font encoding OT1

("C:\Program Files (x86)\MiKTeX 2.9\tex\latex\base\ot1enc.dfu"
File: ot1enc.dfu 2008/04/05 v1.1m UTF-8 support for inputenc
   defining Unicode char U+00A1 (decimal 161)
   defining Unicode char U+00A3 (decimal 163)
   defining Unicode char U+00B8 (decimal 184)
   defining Unicode char U+00BF (decimal 191)
   defining Unicode char U+00C5 (decimal 197)
   defining Unicode char U+00C6 (decimal 198)
   defining Unicode char U+00D8 (decimal 216)
   defining Unicode char U+00DF (decimal 223)
   defining Unicode char U+00E6 (decimal 230)
   defining Unicode char U+00EC (decimal 236)
   defining Unicode char U+00ED (decimal 237)
   defining Unicode char U+00EE (decimal 238)
   defining Unicode char U+00EF (decimal 239)
   defining Unicode char U+00F8 (decimal 248)
   defining Unicode char U+0131 (decimal 305)
   defining Unicode char U+0141 (decimal 321)
   defining Unicode char U+0142 (decimal 322)
   defining Unicode char U+0152 (decimal 338)
   defining Unicode char U+0153 (decimal 339)
   defining Unicode char U+2013 (decimal 8211)
   defining Unicode char U+2014 (decimal 8212)
   defining Unicode char U+2018 (decimal 8216)
   defining Unicode char U+2019 (decimal 8217)
   defining Unicode char U+201C (decimal 8220)
   defining Unicode char U+201D (decimal 8221)
)
Now handling font encoding OMS ...
... processing UTF-8 mapping file for font encoding OMS

("C:\Program Files (x86)\MiKTeX 2.9\tex\latex\base\omsenc.dfu"
File: omsenc.dfu 2008/04/05 v1.1m UTF-8 support for inputenc
   defining Unicode char U+00A7 (decimal 167)
   defining Unicode char U+00B6 (decimal 182)
   defining Unicode char U+00B7 (decimal 183)
   defining Unicode char U+2020 (decimal 8224)
   defining Unicode char U+2021 (decimal 8225)
   defining Unicode char U+2022 (decimal 8226)
)
Now handling font encoding OMX ...
... no UTF-8 mapping file for font encoding OMX
Now handling font encoding U ...
... no UTF-8 mapping file for font encoding U
   defining Unicode char U+00A9 (decimal 169)
   defining Unicode char U+00AA (decimal 170)
   defining Unicode char U+00AE (decimal 174)
   defining Unicode char U+00BA (decimal 186)
   defining Unicode char U+02C6 (decimal 710)
   defining Unicode char U+02DC (decimal 732)
   defining Unicode char U+200C (decimal 8204)
   defining Unicode char U+2026 (decimal 8230)
   defining Unicode char U+2122 (decimal 8482)
   defining Unicode char U+2423 (decimal 9251)
))
("C:\Program Files (x86)\MiKTeX 2.9\tex\latex\base\fontenc.sty"
Package: fontenc 2005/09/27 v1.99g Standard LaTeX package

("C:\Program Files (x86)\MiKTeX 2.9\tex\latex\base\t1enc.def"
File: t1enc.def 2005/09/27 v1.99g Standard LaTeX file
LaTeX Font Info:    Redeclaring font encoding T1 on input line 43.
))
("C:\Program Files (x86)\MiKTeX 2.9\tex\latex\amsmath\amsmath.sty"
Package: amsmath 2013/01/14 v2.14 AMS math features
\@mathmargin=\skip43

For additional information on amsmath, use the `?' option.
("C:\Program Files (x86)\MiKTeX 2.9\tex\latex\amsmath\amstext.sty"
Package: amstext 2000/06/29 v2.01

("C:\Program Files (x86)\MiKTeX 2.9\tex\latex\amsmath\amsgen.sty"
File: amsgen.sty 1999/11/30 v2.0
\@emptytoks=\toks16
\ex@=\dimen104
))
("C:\Program Files (x86)\MiKTeX 2.9\tex\latex\amsmath\amsbsy.sty"
Package: amsbsy 1999/11/29 v1.2d
\pmbraise@=\dimen105
)
("C:\Program Files (x86)\MiKTeX 2.9\tex\latex\amsmath\amsopn.sty"
Package: amsopn 1999/12/14 v2.01 operator names
)
\inf@bad=\count88
LaTeX Info: Redefining \frac on input line 210.
\uproot@=\count89
\leftroot@=\count90
LaTeX Info: Redefining \overline on input line 306.
\classnum@=\count91
\DOTSCASE@=\count92
LaTeX Info: Redefining \ldots on input line 378.
LaTeX Info: Redefining \dots on input line 381.
LaTeX Info: Redefining \cdots on input line 466.
\Mathstrutbox@=\box26
\strutbox@=\box27
\big@size=\dimen106
LaTeX Font Info:    Redeclaring font encoding OML on input line 566.
LaTeX Font Info:    Redeclaring font encoding OMS on input line 567.
\macc@depth=\count93
\c@MaxMatrixCols=\count94
\dotsspace@=\muskip10
\c@parentequation=\count95
\dspbrk@lvl=\count96
\tag@help=\toks17
\row@=\count97
\column@=\count98
\maxfields@=\count99
\andhelp@=\toks18
\eqnshift@=\dimen107
\alignsep@=\dimen108
\tagshift@=\dimen109
\tagwidth@=\dimen110
\totwidth@=\dimen111
\lineht@=\dimen112
\@envbody=\toks19
\multlinegap=\skip44
\multlinetaggap=\skip45
\mathdisplay@stack=\toks20
LaTeX Info: Redefining \[ on input line 2665.
LaTeX Info: Redefining \] on input line 2666.
)
("C:\Program Files (x86)\MiKTeX 2.9\tex\latex\algorithms\algorithm.sty"
Package: algorithm 2009/08/24 v0.1 Document Style `algorithm' - floating enviro
nment

("C:\Program Files (x86)\MiKTeX 2.9\tex\latex\float\float.sty"
Package: float 2001/11/08 v1.3d Float enhancements (AL)
\c@float@type=\count100
\float@exts=\toks21
\float@box=\box28
\@float@everytoks=\toks22
\@floatcapt=\box29
)
("C:\Program Files (x86)\MiKTeX 2.9\tex\latex\base\ifthen.sty"
Package: ifthen 2001/05/26 v1.1c Standard LaTeX ifthen package (DPC)
)
\@float@every@algorithm=\toks23
\c@algorithm=\count101
)
("C:\Program Files (x86)\MiKTeX 2.9\tex\latex\algorithmicx\algpseudocode.sty"
Package: algpseudocode 

("C:\Program Files (x86)\MiKTeX 2.9\tex\latex\algorithmicx\algorithmicx.sty"
Package: algorithmicx 2005/04/27 v1.2 Algorithmicx

Document Style algorithmicx 1.2 - a greatly improved `algorithmic' style
\c@ALG@line=\count102
\c@ALG@rem=\count103
\c@ALG@nested=\count104
\ALG@tlm=\skip46
\ALG@thistlm=\skip47
\c@ALG@Lnr=\count105
\c@ALG@blocknr=\count106
\c@ALG@storecount=\count107
\c@ALG@tmpcounter=\count108
\ALG@tmplength=\skip48
)
Document Style - pseudocode environments for use with the `algorithmicx' style
) ("C:\Program Files (x86)\MiKTeX 2.9\tex\latex\graphics\graphicx.sty"
Package: graphicx 1999/02/16 v1.0f Enhanced LaTeX Graphics (DPC,SPQR)

("C:\Program Files (x86)\MiKTeX 2.9\tex\latex\graphics\keyval.sty"
Package: keyval 1999/03/16 v1.13 key=value parser (DPC)
\KV@toks@=\toks24
)
("C:\Program Files (x86)\MiKTeX 2.9\tex\latex\graphics\graphics.sty"
Package: graphics 2009/02/05 v1.0o Standard LaTeX Graphics (DPC,SPQR)

("C:\Program Files (x86)\MiKTeX 2.9\tex\latex\graphics\trig.sty"
Package: trig 1999/03/16 v1.09 sin cos tan (DPC)
)
("C:\Program Files (x86)\MiKTeX 2.9\tex\latex\00miktex\graphics.cfg"
File: graphics.cfg 2007/01/18 v1.5 graphics configuration of teTeX/TeXLive
)
Package graphics Info: Driver file: pdftex.def on input line 91.

("C:\Program Files (x86)\MiKTeX 2.9\tex\latex\pdftex-def\pdftex.def"
File: pdftex.def 2011/05/27 v0.06d Graphics/color for pdfTeX

("C:\Program Files (x86)\MiKTeX 2.9\tex\generic\oberdiek\infwarerr.sty"
Package: infwarerr 2010/04/08 v1.3 Providing info/warning/error messages (HO)
)
("C:\Program Files (x86)\MiKTeX 2.9\tex\generic\oberdiek\ltxcmds.sty"
Package: ltxcmds 2011/11/09 v1.22 LaTeX kernel commands for general use (HO)
)
\Gread@gobject=\count109
))
\Gin@req@height=\dimen113
\Gin@req@width=\dimen114
)
("C:\Program Files (x86)\MiKTeX 2.9\tex\latex\tools\longtable.sty"
Package: longtable 2004/02/01 v4.11 Multi-page Table package (DPC)
\LTleft=\skip49
\LTright=\skip50
\LTpre=\skip51
\LTpost=\skip52
\LTchunksize=\count110
\LTcapwidth=\dimen115
\LT@head=\box30
\LT@firsthead=\box31
\LT@foot=\box32
\LT@lastfoot=\box33
\LT@cols=\count111
\LT@rows=\count112
\c@LT@tables=\count113
\c@LT@chunks=\count114
\LT@p@ftn=\toks25
)
("C:\Program Files (x86)\MiKTeX 2.9\tex\latex\subfigure\subfigure.sty"
Package: subfigure 2002/07/30 v2.1.4 subfigure package
\subfigtopskip=\skip53
\subfigcapskip=\skip54
\subfigcaptopadj=\dimen116
\subfigbottomskip=\skip55
\subfigcapmargin=\dimen117
\subfiglabelskip=\skip56
\c@subfigure=\count115
\c@lofdepth=\count116
\c@subtable=\count117
\c@lotdepth=\count118

****************************************
* Local config file subfigure.cfg used *
****************************************
("C:\Program Files (x86)\MiKTeX 2.9\tex\latex\subfigure\subfigure.cfg")
\subfig@top=\skip57
\subfig@bottom=\skip58
)
("C:\Program Files (x86)\MiKTeX 2.9\tex\latex\multirow\multirow.sty"
\bigstrutjot=\dimen118
)
("C:\Program Files (x86)\MiKTeX 2.9\tex\latex\tools\multicol.sty"
Package: multicol 2011/06/27 v1.7a multicolumn formatting (FMi)
\c@tracingmulticols=\count119
\mult@box=\box34
\multicol@leftmargin=\dimen119
\c@unbalance=\count120
\c@collectmore=\count121
\doublecol@number=\count122
\multicoltolerance=\count123
\multicolpretolerance=\count124
\full@width=\dimen120
\page@free=\dimen121
\premulticols=\dimen122
\postmulticols=\dimen123
\multicolsep=\skip59
\multicolbaselineskip=\skip60
\partial@page=\box35
\last@line=\box36
\mult@rightbox=\box37
\mult@grightbox=\box38
\mult@gfirstbox=\box39
\mult@firstbox=\box40
\@tempa=\box41
\@tempa=\box42
\@tempa=\box43
\@tempa=\box44
\@tempa=\box45
\@tempa=\box46
\@tempa=\box47
\@tempa=\box48
\@tempa=\box49
\@tempa=\box50
\@tempa=\box51
\@tempa=\box52
\@tempa=\box53
\@tempa=\box54
\@tempa=\box55
\@tempa=\box56
\@tempa=\box57
\c@columnbadness=\count125
\c@finalcolumnbadness=\count126
\last@try=\dimen124
\multicolovershoot=\dimen125
\multicolundershoot=\dimen126
\mult@nat@firstbox=\box58
\colbreak@box=\box59
\multicol@sort@counter=\count127
)
("C:\Program Files (x86)\MiKTeX 2.9\tex\latex\tools\verbatim.sty"
Package: verbatim 2003/08/22 v1.5q LaTeX2e package for verbatim enhancements
\every@verbatim=\toks26
\verbatim@line=\toks27
\verbatim@in@stream=\read1
)
(C:\Users\CirilloR\Documents\FACULDADE\TCC\mac499\monografia\monografia.aux

LaTeX Warning: Label `table:colecao_artigos' multiply defined.

)
LaTeX Font Info:    Checking defaults for OML/cmm/m/it on input line 20.
LaTeX Font Info:    ... okay on input line 20.
LaTeX Font Info:    Checking defaults for T1/cmr/m/n on input line 20.
LaTeX Font Info:    ... okay on input line 20.
LaTeX Font Info:    Checking defaults for OT1/cmr/m/n on input line 20.
LaTeX Font Info:    ... okay on input line 20.
LaTeX Font Info:    Checking defaults for OMS/cmsy/m/n on input line 20.
LaTeX Font Info:    ... okay on input line 20.
LaTeX Font Info:    Checking defaults for OMX/cmex/m/n on input line 20.
LaTeX Font Info:    ... okay on input line 20.
LaTeX Font Info:    Checking defaults for U/cmr/m/n on input line 20.
LaTeX Font Info:    ... okay on input line 20.
 ("C:\Program Files (x86)\MiKTeX 2.9\tex\context\base\supp-pdf.mkii"
[Loading MPS to PDF converter (version 2006.09.02).]
\scratchcounter=\count128
\scratchdimen=\dimen127
\scratchbox=\box60
\nofMPsegments=\count129
\nofMParguments=\count130
\everyMPshowfont=\toks28
\MPscratchCnt=\count131
\MPscratchDim=\dimen128
\MPnumerator=\count132
\makeMPintoPDFobject=\count133
\everyMPtoPDFconversion=\toks29
) [1

{C:/ProgramData/MiKTeX/2.9/pdftex/config/pdftex.map}] [2]
(C:\Users\CirilloR\Documents\FACULDADE\TCC\mac499\monografia\monografia.toc
[3])
\tf@toc=\write3
 [4]
Overfull \hbox (24.86917pt too wide) in paragraph at lines 46--47
[]\T1/cmr/m/n/12 Ao con-trá-rio da clas-si-fi-ca-ção su-per-vi-si-o-nada, a cla
s-si-fi-ca-ção não-supervisionada
 []

[5]
LaTeX Font Info:    Try loading font information for OMS+cmr on input line 62.
 ("C:\Program Files (x86)\MiKTeX 2.9\tex\latex\base\omscmr.fd"
File: omscmr.fd 1999/05/25 v2.5h Standard LaTeX font definitions
)
LaTeX Font Info:    Font shape `OMS/cmr/m/n' in size <12> not available
(Font)              Font shape `OMS/cmsy/m/n' tried instead on input line 62.

<images/resultado.png, id=24, 792.9625pt x 451.6875pt>
File: images/resultado.png Graphic file (type png)

<use images/resultado.png>
Package pdftex.def Info: images/resultado.png used on input line 70.
(pdftex.def)             Requested size: 396.48027pt x 225.84319pt.

Overfull \hbox (6.48027pt too wide) in paragraph at lines 70--71
 [] 
 []

[6 <C:/Users/CirilloR/Documents/FACULDADE/TCC/mac499/monografia/images/resultad
o.png>] [7] [8]
Overfull \hbox (2.48447pt too wide) in paragraph at lines 101--102
\T1/cmr/m/n/12 ção su-per-vi-si-o-nada de ape-nas clas-si-fi-ca-ção e a clas-si
-fi-ca-ção não-supervisionada
 []

[9] <images/k_means_algorithm.png, id=41, 579.66562pt x 550.30594pt>
File: images/k_means_algorithm.png Graphic file (type png)

<use images/k_means_algorithm.png>
Package pdftex.def Info: images/k_means_algorithm.png used on input line 149.
(pdftex.def)             Requested size: 376.77818pt x 357.69463pt.
 [10]
<images/cluster_1.png, id=45, 515.11595pt x 196.05159pt>
File: images/cluster_1.png Graphic file (type png)

<use images/cluster_1.png>
Package pdftex.def Info: images/cluster_1.png used on input line 159.
(pdftex.def)             Requested size: 412.0933pt x 156.84148pt.

Overfull \hbox (22.0933pt too wide) in paragraph at lines 159--160
 [] 
 []

[11 <C:/Users/CirilloR/Documents/FACULDADE/TCC/mac499/monografia/images/k_means
_algorithm.png>] [12 <C:/Users/CirilloR/Documents/FACULDADE/TCC/mac499/monograf
ia/images/cluster_1.png>]
<images/hierarchical_algorithm.png, id=54, 772.8875pt x 220.825pt>
File: images/hierarchical_algorithm.png Graphic file (type png)

<use images/hierarchical_algorithm.png>
Package pdftex.def Info: images/hierarchical_algorithm.png used on input line 1
82.
(pdftex.def)             Requested size: 386.4428pt x 110.41222pt.

Underfull \hbox (badness 3525) in paragraph at lines 198--198
[]\T1/cmr/m/n/12 Documentos si-
 []


Underfull \hbox (badness 10000) in paragraph at lines 198--198
[]\T1/cmr/m/n/12 Verdadeiro po-si-tivo
 []


Underfull \hbox (badness 2189) in paragraph at lines 198--198
[]\T1/cmr/m/n/12 Falso ne-ga-tivo (FN)
 []


Underfull \hbox (badness 10000) in paragraph at lines 199--200
[]\T1/cmr/m/n/12 Verdadeiro ne-ga-tivo
 []

[13 <C:/Users/CirilloR/Documents/FACULDADE/TCC/mac499/monografia/images/hierarc
hical_algorithm.png>] [14] [15]

LaTeX Warning: `h' float specifier changed to `ht'.

[16] [17] [18]

LaTeX Warning: `h' float specifier changed to `ht'.

[19]

LaTeX Warning: Command \textquoteright invalid in math mode on input line 383.


LaTeX Warning: Command \textquoteright invalid in math mode on input line 383.


LaTeX Warning: Command \textquoteright invalid in math mode on input line 383.


LaTeX Warning: Command \textquoteright invalid in math mode on input line 383.


LaTeX Warning: Command \textquoteright invalid in math mode on input line 383.


Underfull \hbox (badness 3209) in paragraph at lines 390--390
[]\T1/cmr/m/n/12 (mercado/cs = 100%),
 []


Underfull \hbox (badness 10000) in paragraph at lines 390--390
\T1/cmr/m/n/12 (Gré-cia/cs = 75%),
 []


Underfull \hbox (badness 3690) in paragraph at lines 392--392
[]\T1/cmr/m/n/12 (universo/cs = 100%),
 []


Underfull \hbox (badness 10000) in paragraph at lines 393--393
[]\T1/cmr/m/n/12 (Grécia/cs = 100%),
 []


Underfull \hbox (badness 3209) in paragraph at lines 395--395
[]\T1/cmr/m/n/12 (mercado/cs = 100%),
 []


Underfull \hbox (badness 3690) in paragraph at lines 396--397
[]\T1/cmr/m/n/12 (universo/cs = 100%),
 []


Overfull \hbox (12.89003pt too wide) in paragraph at lines 387--399
 [][] 
 []


LaTeX Warning: `h' float specifier changed to `ht'.


LaTeX Warning: Command \textquoteright invalid in math mode on input line 403.

[20]

LaTeX Warning: Command \' invalid in math mode on input line 413.

Missing character: There is no é in font cmr12!

LaTeX Warning: Command \' invalid in math mode on input line 415.

Missing character: There is no é in font cmr12!

Underfull \hbox (badness 3209) in paragraph at lines 426--426
[]\T1/cmr/m/n/12 (mercado/cs = 100%),
 []


Underfull \hbox (badness 10000) in paragraph at lines 426--426
\T1/cmr/m/n/12 (Gré-cia/cs = 75%),
 []


Underfull \hbox (badness 3690) in paragraph at lines 428--428
[]\T1/cmr/m/n/12 (universo/cs = 100%),
 []


Underfull \hbox (badness 3209) in paragraph at lines 431--431
[]\T1/cmr/m/n/12 (mercado/cs = 100%),
 []


Underfull \hbox (badness 3690) in paragraph at lines 432--433
[]\T1/cmr/m/n/12 (universo/cs = 100%),
 []


Overfull \hbox (12.89003pt too wide) in paragraph at lines 423--435
 [][] 
 []


LaTeX Warning: `h' float specifier changed to `ht'.

[21] [22]

LaTeX Warning: Command \textquoteright invalid in math mode on input line 459.


LaTeX Warning: Command \textquoteright invalid in math mode on input line 459.

[23] <images/arquitetura.png, id=101, 1017.8025pt x 176.66pt>
File: images/arquitetura.png Graphic file (type png)

<use images/arquitetura.png>
Package pdftex.def Info: images/arquitetura.png used on input line 482.
(pdftex.def)             Requested size: 356.23622pt x 61.83192pt.
 [24 <C:/Users/CirilloR/Documents/FACULDADE/TCC/mac499/monografia/images/arquit
etura.png>]
<images/n_grama.png, id=106, 1056.94875pt x 550.055pt>
File: images/n_grama.png Graphic file (type png)

<use images/n_grama.png>
Package pdftex.def Info: images/n_grama.png used on input line 506.
(pdftex.def)             Requested size: 422.772pt x 220.0181pt.

Overfull \hbox (32.772pt too wide) in paragraph at lines 506--507
 [] 
 []

[25 <C:/Users/CirilloR/Documents/FACULDADE/TCC/mac499/monografia/images/n_grama
.png>] <images/tokenizacao.png, id=112, 654.445pt x 275.0275pt>
File: images/tokenizacao.png Graphic file (type png)

<use images/tokenizacao.png>
Package pdftex.def Info: images/tokenizacao.png used on input line 519.
(pdftex.def)             Requested size: 392.67003pt x 165.01776pt.

Overfull \hbox (2.67003pt too wide) in paragraph at lines 519--520
 [] 
 []

[26 <C:/Users/CirilloR/Documents/FACULDADE/TCC/mac499/monografia/images/tokeniz
acao.png>] <images/limpeza.png, id=117, 654.445pt x 275.0275pt>
File: images/limpeza.png Graphic file (type png)

<use images/limpeza.png>
Package pdftex.def Info: images/limpeza.png used on input line 540.
(pdftex.def)             Requested size: 392.67003pt x 165.01776pt.

Overfull \hbox (2.67003pt too wide) in paragraph at lines 540--541
 [] 
 []

[27 <C:/Users/CirilloR/Documents/FACULDADE/TCC/mac499/monografia/images/limpeza
.png>] <images/RSLP.png, id=122, 667.49374pt x 595.22375pt>
File: images/RSLP.png Graphic file (type png)

<use images/RSLP.png>
Package pdftex.def Info: images/RSLP.png used on input line 575.
(pdftex.def)             Requested size: 333.74606pt x 297.61115pt.
 [28] [29 <C:/Users/CirilloR/Documents/FACULDADE/TCC/mac499/monografia/images/R
SLP.png>]
<images/hvina_inicial.png, id=130, 1157.32375pt x 848.16875pt>
File: images/hvina_inicial.png Graphic file (type png)

<use images/hvina_inicial.png>
Package pdftex.def Info: images/hvina_inicial.png used on input line 603.
(pdftex.def)             Requested size: 347.1998pt x 254.45258pt.

<images/hvina_configuracao.png, id=131, 813.0375pt x 429.605pt>
File: images/hvina_configuracao.png Graphic file (type png)

<use images/hvina_configuracao.png>
Package pdftex.def Info: images/hvina_configuracao.png used on input line 613.
(pdftex.def)             Requested size: 365.8635pt x 193.32045pt.
 [30 <C:/Users/CirilloR/Documents/FACULDADE/TCC/mac499/monografia/images/hvina_
inicial.png>]
<images/hvina_clustering.png, id=136, 1027.84pt x 747.79375pt>
File: images/hvina_clustering.png Graphic file (type png)

<use images/hvina_clustering.png>
Package pdftex.def Info: images/hvina_clustering.png used on input line 621.
(pdftex.def)             Requested size: 359.74939pt x 261.73172pt.
 [31 <C:/Users/CirilloR/Documents/FACULDADE/TCC/mac499/monografia/images/hvina_
configuracao.png> <C:/Users/CirilloR/Documents/FACULDADE/TCC/mac499/monografia/
images/hvina_clustering.png>]
<images/exemplo_biblioteca.png, id=143, 654.445pt x 166.6225pt>
File: images/exemplo_biblioteca.png Graphic file (type png)

<use images/exemplo_biblioteca.png>
Package pdftex.def Info: images/exemplo_biblioteca.png used on input line 641.
(pdftex.def)             Requested size: 392.67003pt x 99.97426pt.

Overfull \hbox (2.67003pt too wide) in paragraph at lines 641--642
 [] 
 []

<images/exemplo_artigo.png, id=144, 654.445pt x 166.6225pt>
File: images/exemplo_artigo.png Graphic file (type png)

<use images/exemplo_artigo.png>
Package pdftex.def Info: images/exemplo_artigo.png used on input line 651.
(pdftex.def)             Requested size: 392.67003pt x 99.97426pt.

Overfull \hbox (2.67003pt too wide) in paragraph at lines 651--652
 [] 
 []

[32 <C:/Users/CirilloR/Documents/FACULDADE/TCC/mac499/monografia/images/exemplo
_biblioteca.png>]
Overfull \hbox (44.86592pt too wide) in paragraph at lines 657--658
\T1/cmr/m/n/12 bas-tando criar uma classe que de-verá her-dar a classe Clus-te-
ring::Fihc::OutputManager
 []

<images/exemplo_formatacao.png, id=149, 654.445pt x 192.72pt>
File: images/exemplo_formatacao.png Graphic file (type png)

<use images/exemplo_formatacao.png>
Package pdftex.def Info: images/exemplo_formatacao.png used on input line 661.
(pdftex.def)             Requested size: 392.67003pt x 115.63287pt.

Overfull \hbox (2.67003pt too wide) in paragraph at lines 661--662
 [] 
 []

[33 <C:/Users/CirilloR/Documents/FACULDADE/TCC/mac499/monografia/images/exemplo
_artigo.png> <C:/Users/CirilloR/Documents/FACULDADE/TCC/mac499/monografia/image
s/exemplo_formatacao.png>] [34]
Underfull \vbox (badness 10000) detected at line 723
 []

[35]
Underfull \hbox (badness 10000) in paragraph at lines 813--814
[]\T1/cmr/m/n/12 http://www.dormantroot.com/2014/02/my-experiment-with-
 []

[36]
(C:\Users\CirilloR\Documents\FACULDADE\TCC\mac499\monografia\monografia.aux)

LaTeX Warning: There were multiply-defined labels.

 ) 
Here is how much of TeX's memory you used:
 3687 strings out of 493921
 48306 string characters out of 3144867
 112834 words of memory out of 3000000
 6889 multiletter control sequences out of 15000+200000
 17492 words of font info for 43 fonts, out of 3000000 for 9000
 855 hyphenation exceptions out of 8191
 27i,17n,24p,1062b,300s stack positions out of 5000i,500n,10000p,200000b,50000s
 <C:\Users\CirilloR\AppData\Local\MiKTeX\2.9\fonts\pk\ljfour\jknappen\ec\dpi6
00\ecbi1440.pk> <C:\Users\CirilloR\AppData\Local\MiKTeX\2.9\fonts\pk\ljfour\jkn
appen\ec\dpi600\ecrm1000.pk> <C:\Users\CirilloR\AppData\Local\MiKTeX\2.9\fonts\
pk\ljfour\jknappen\ec\dpi600\ecbx1440.pk> <C:\Users\CirilloR\AppData\Local\MiKT
eX\2.9\fonts\pk\ljfour\jknappen\ec\dpi600\ecti1200.pk> <C:\Users\CirilloR\AppDa
ta\Local\MiKTeX\2.9\fonts\pk\ljfour\jknappen\ec\dpi600\ecbx1200.pk> <C:\Users\C
irilloR\AppData\Local\MiKTeX\2.9\fonts\pk\ljfour\jknappen\ec\dpi600\ecbx1728.pk
> <C:\Users\CirilloR\AppData\Local\MiKTeX\2.9\fonts\pk\ljfour\jknappen\ec\dpi60
0\ecrm1200.pk> <C:\Users\CirilloR\AppData\Local\MiKTeX\2.9\fonts\pk\ljfour\jkna
ppen\ec\dpi600\ecrm1440.pk> <C:\Users\CirilloR\AppData\Local\MiKTeX\2.9\fonts\p
k\ljfour\jknappen\ec\dpi600\ecrm2074.pk><C:/Program Files (x86)/MiKTeX 2.9/font
s/type1/public/amsfonts/cm/cmex10.pfb><C:/Program Files (x86)/MiKTeX 2.9/fonts/
type1/public/amsfonts/cm/cmmi12.pfb><C:/Program Files (x86)/MiKTeX 2.9/fonts/ty
pe1/public/amsfonts/cm/cmmi8.pfb><C:/Program Files (x86)/MiKTeX 2.9/fonts/type1
/public/amsfonts/cm/cmr12.pfb><C:/Program Files (x86)/MiKTeX 2.9/fonts/type1/pu
blic/amsfonts/cm/cmr6.pfb><C:/Program Files (x86)/MiKTeX 2.9/fonts/type1/public
/amsfonts/cm/cmr8.pfb><C:/Program Files (x86)/MiKTeX 2.9/fonts/type1/public/ams
fonts/cm/cmsy10.pfb><C:/Program Files (x86)/MiKTeX 2.9/fonts/type1/public/amsfo
nts/cm/cmsy6.pfb><C:/Program Files (x86)/MiKTeX 2.9/fonts/type1/public/amsfonts
/cm/cmsy8.pfb>
Output written on monografia.pdf (36 pages, 786416 bytes).
PDF statistics:
 595 PDF objects out of 1000 (max. 8388607)
 0 named destinations out of 1000 (max. 500000)
 76 words of extra memory for PDF output out of 10000 (max. 10000000)

